Array
(
    [id] => 1349
    [codigo] => EC0613
    [nombre] => MOUSE USB
    [dependencia] => SISTEMAS 
    [responsable] => BULDING QUINTERO DILAN STICK
    [responsable_id] => 1379
    [marca] => GENIUS
    [modelo] => DX-120
    [serial] => 34F97361406366
    [sede_id] => 1
    [codigo_barras] => ACT0290
    [grupo] => EC
    [vida_util] => 60
    [vida_util_niff] => 60
    [centro_costo] => 110007
    [ubicacion] => SISTEMAS
    [proveedor] => 234234
    [fecha_compra] => 2025-12-14
    [soporte] => 
    [descripcion] => 
    [estado] => NUEVO
    [escritura] => ESCRITURAS
    [matricula] => Matrícula
    [valor_compra] => 25000
    [salvamenta] => Salvamento
    [depreciacion] => 1500
    [depreciacion_niif] => 1500
    [meses] => 60
    [meses_niif] => 60
    [tipo_adquisicion] => 03
    [calibrado] => 2025-12-14
    [observaciones] => EN BUEN ESTADO
    [tipo_bien] => mueble
    [soporte_adjunto] => 
    [coordinador_id] => 1456
    [proceso_id] => 30
    [proceso_solicitante] => 
    [tiene_accesorio] => Si
    [descripcion_accesorio] => descripcion Accesorios
    [num_factu] => aefaef
    [creado_por] => 8
)
